<?xml version="1.0" encoding="UTF-8"?>
<!-- Generated by org.testng.reporters.JUnitReportReporter -->
<testsuite hostname="DESKTOP-5EGDKLG" failures="0" tests="3" name="dataProvider.FBSignUp" time="25.534" errors="0" timestamp="2024-07-27T23:38:03 IST" skipped="0">
  <testcase classname="dataProvider.FBSignUp" name="f" time="8.270"/>
  <testcase classname="dataProvider.FBSignUp" name="f" time="9.678"/>
  <testcase classname="dataProvider.FBSignUp" name="f" time="7.586"/>
</testsuite> <!-- dataProvider.FBSignUp -->
