<?xml version="1.0" encoding="UTF-8"?>
<!-- Generated by org.testng.reporters.JUnitReportReporter -->
<testsuite hostname="DESKTOP-5EGDKLG" failures="0" tests="3" name="dataProvider.FBSignUpForExcel" time="24.834" errors="0" timestamp="2024-07-27T23:40:53 IST" skipped="0">
  <testcase classname="dataProvider.FBSignUpForExcel" name="f" time="8.008"/>
  <testcase classname="dataProvider.FBSignUpForExcel" name="f" time="9.001"/>
  <testcase classname="dataProvider.FBSignUpForExcel" name="f" time="7.825"/>
</testsuite> <!-- dataProvider.FBSignUpForExcel -->
