<?xml version="1.0" encoding="UTF-8"?>
<!-- Generated by org.testng.reporters.JUnitReportReporter -->
<testsuite hostname="DESKTOP-5EGDKLG" failures="0" tests="4" name="testNGStudy.DependsOnMethod" time="0.046" errors="0" timestamp="2024-07-19T23:14:33 IST" skipped="0">
  <testcase classname="testNGStudy.DependsOnMethod" name="d" time="0.006">
    <system-out>
      <![CDATA[D is running]]>
    </system-out>
  </testcase> <!-- d -->
  <testcase classname="testNGStudy.DependsOnMethod" name="a" time="0.006">
    <system-out>
      <![CDATA[A is running]]>
    </system-out>
  </testcase> <!-- a -->
  <testcase classname="testNGStudy.DependsOnMethod" name="b" time="0.028">
    <system-out>
      <![CDATA[B is running]]>
    </system-out>
  </testcase> <!-- b -->
  <testcase classname="testNGStudy.DependsOnMethod" name="c" time="0.006">
    <system-out>
      <![CDATA[C is running]]>
    </system-out>
  </testcase> <!-- c -->
  <system-out>
    <![CDATA[B is running
C is running
D is running
A is running]]>
  </system-out>
</testsuite> <!-- testNGStudy.DependsOnMethod -->
