<?xml version="1.0" encoding="UTF-8"?>
<!-- Generated by org.testng.reporters.JUnitReportReporter -->
<testsuite hostname="DESKTOP-5EGDKLG" failures="0" tests="2" name="coverFoxUsingFramework.CoverFoxAddressDetailTC" time="0.174" errors="0" timestamp="2024-07-31T00:25:14 IST" skipped="0">
  <testcase classname="coverFoxUsingFramework.CoverFoxAddressDetailTC" name="validateMobileErrorMsg" time="0.096"/>
  <testcase classname="coverFoxUsingFramework.CoverFoxAddressDetailTC" name="validatePinErrorMsg" time="0.078"/>
</testsuite> <!-- coverFoxUsingFramework.CoverFoxAddressDetailTC -->
