<?xml version="1.0" encoding="UTF-8"?>
<!-- Generated by org.testng.reporters.JUnitReportReporter -->
<testsuite hostname="DESKTOP-5EGDKLG" failures="0" tests="3" name="testNGStudy.Priority_Example" time="0.084" errors="0" timestamp="2024-07-30T22:29:56 IST" skipped="0">
  <testcase classname="testNGStudy.Priority_Example" name="e" time="0.053">
    <system-out>
      <![CDATA[This is E method ]]>
    </system-out>
  </testcase> <!-- e -->
  <testcase classname="testNGStudy.Priority_Example" name="a" time="0.010">
    <system-out>
      <![CDATA[This is A Method]]>
    </system-out>
  </testcase> <!-- a -->
  <testcase classname="testNGStudy.Priority_Example" name="b" time="0.021">
    <system-out>
      <![CDATA[This is B method]]>
    </system-out>
  </testcase> <!-- b -->
  <system-out>
    <![CDATA[This is E method 
This is A Method
This is B method]]>
  </system-out>
</testsuite> <!-- testNGStudy.Priority_Example -->
