<?xml version="1.0" encoding="UTF-8"?>
<!-- Generated by org.testng.reporters.JUnitReportReporter -->
<testsuite hostname="DESKTOP-5EGDKLG" failures="0" tests="1" name="hard_assert.AssertEqualsNotEquals" time="0.049" errors="0" timestamp="2024-07-24T20:42:33 IST" skipped="0">
  <testcase classname="hard_assert.AssertEqualsNotEquals" name="method" time="0.049"/>
</testsuite> <!-- hard_assert.AssertEqualsNotEquals -->
