<?xml version="1.0" encoding="UTF-8"?>
<!-- Generated by org.testng.reporters.JUnitReportReporter -->
<testsuite hostname="DESKTOP-5EGDKLG" failures="0" tests="1" name="testNGXML.Addmission" time="0.039" errors="0" timestamp="2024-07-21T22:55:56 IST" skipped="0">
  <testcase classname="testNGXML.Addmission" name="AddmissionWebSite" time="0.039">
    <system-out>
      <![CDATA[www.addmissionwebsite.com]]>
    </system-out>
  </testcase> <!-- AddmissionWebSite -->
  <system-out>
    <![CDATA[www.addmissionwebsite.com
Student ID]]>
  </system-out>
</testsuite> <!-- testNGXML.Addmission -->
