<?xml version="1.0" encoding="UTF-8"?>
<!-- Generated by org.testng.reporters.JUnitReportReporter -->
<testsuite hostname="DESKTOP-5EGDKLG" failures="0" tests="1" name="testNGXML.Student" time="0.007" errors="0" timestamp="2024-07-21T22:55:56 IST" skipped="0">
  <testcase classname="testNGXML.Student" name="Stud_ID" time="0.007">
    <system-out>
      <![CDATA[Student ID]]>
    </system-out>
  </testcase> <!-- Stud_ID -->
  <system-out>
    <![CDATA[www.addmissionwebsite.com
Student ID]]>
  </system-out>
</testsuite> <!-- testNGXML.Student -->
