<?xml version="1.0" encoding="UTF-8"?>
<!-- Generated by org.testng.reporters.JUnitReportReporter -->
<testsuite hostname="DESKTOP-5EGDKLG" failures="0" tests="4" name="testNGStudy.Enable_Keyword_Ex" time="0.041" errors="0" timestamp="2024-07-19T23:14:14 IST" skipped="1">
  <testcase classname="testNGStudy.Enable_Keyword_Ex" name="d" time="0.007">
    <system-out>
      <![CDATA[D is running]]>
    </system-out>
  </testcase> <!-- d -->
  <testcase classname="testNGStudy.Enable_Keyword_Ex" name="c" time="0.008">
    <system-out>
      <![CDATA[C is running]]>
    </system-out>
  </testcase> <!-- c -->
  <testcase classname="testNGStudy.Enable_Keyword_Ex" name="b" time="0.026">
    <system-out>
      <![CDATA[B is running]]>
    </system-out>
  </testcase> <!-- b -->
  <testcase classname="testNGStudy.Enable_Keyword_Ex" name="a">
    <skipped/>
  </testcase> <!-- a -->
  <system-out>
    <![CDATA[B is running
C is running
D is running]]>
  </system-out>
</testsuite> <!-- testNGStudy.Enable_Keyword_Ex -->
