<?xml version="1.0" encoding="UTF-8"?>
<!-- Generated by org.testng.reporters.JUnitReportReporter -->
<testsuite hostname="DESKTOP-5EGDKLG" failures="0" tests="5" name="testNGXML.TestClass2" time="0.049" errors="0" timestamp="2024-07-20T23:21:23 IST" skipped="0">
  <testcase classname="testNGXML.TestClass2" name="TC9" time="0.024">
    <system-out>
      <![CDATA[TC9 is Running]]>
    </system-out>
  </testcase> <!-- TC9 -->
  <testcase classname="testNGXML.TestClass2" name="TC6" time="0.005">
    <system-out>
      <![CDATA[TC6 is Running]]>
    </system-out>
  </testcase> <!-- TC6 -->
  <testcase classname="testNGXML.TestClass2" name="TC10" time="0.009">
    <system-out>
      <![CDATA[TC10 is Running]]>
    </system-out>
  </testcase> <!-- TC10 -->
  <testcase classname="testNGXML.TestClass2" name="TC7" time="0.006">
    <system-out>
      <![CDATA[TC7 is Running]]>
    </system-out>
  </testcase> <!-- TC7 -->
  <testcase classname="testNGXML.TestClass2" name="TC8" time="0.005">
    <system-out>
      <![CDATA[TC8 is Running]]>
    </system-out>
  </testcase> <!-- TC8 -->
  <system-out>
    <![CDATA[TC3 is Running
TC10 is Running
TC6 is Running
TC7 is Running
TC8 is Running
TC9 is Running]]>
  </system-out>
</testsuite> <!-- testNGXML.TestClass2 -->
