<?xml version="1.0" encoding="UTF-8"?>
<!-- Generated by org.testng.reporters.JUnitReportReporter -->
<testsuite hostname="DESKTOP-5EGDKLG" failures="0" tests="4" name="testNGStudy.MultipleKeyWords" time="0.040" errors="0" timestamp="2024-07-19T23:25:30 IST" skipped="1">
  <testcase classname="testNGStudy.MultipleKeyWords" name="b" time="0.030">
    <system-out>
      <![CDATA[B is running]]>
    </system-out>
  </testcase> <!-- b -->
  <testcase classname="testNGStudy.MultipleKeyWords" name="b" time="0.004">
    <system-out>
      <![CDATA[B is running]]>
    </system-out>
  </testcase> <!-- b -->
  <testcase classname="testNGStudy.MultipleKeyWords" name="a" time="0.006">
    <system-out>
      <![CDATA[A is running]]>
    </system-out>
  </testcase> <!-- a -->
  <testcase classname="testNGStudy.MultipleKeyWords" name="c">
    <skipped/>
  </testcase> <!-- c -->
  <system-out>
    <![CDATA[B is running
B is running
A is running]]>
  </system-out>
</testsuite> <!-- testNGStudy.MultipleKeyWords -->
