<?xml version="1.0" encoding="UTF-8"?>
<!-- Generated by org.testng.reporters.JUnitReportReporter -->
<testsuite hostname="DESKTOP-5EGDKLG" failures="0" tests="1" name="testNGStudy.SwagLabsStudy" time="0.023" errors="0" timestamp="2024-07-13T21:04:55 IST" skipped="0">
  <testcase classname="testNGStudy.SwagLabsStudy" name="f" time="0.023"/>
</testsuite> <!-- testNGStudy.SwagLabsStudy -->
