<?xml version="1.0" encoding="UTF-8"?>
<!-- Generated by org.testng.reporters.JUnitReportReporter -->
<testsuite hostname="DESKTOP-5EGDKLG" failures="0" tests="2" name="testNGStudy.MyTestNg" time="0.057" errors="0" timestamp="2024-07-13T20:59:32 IST" skipped="0">
  <testcase classname="testNGStudy.MyTestNg" name="f" time="0.030">
    <system-out>
      <![CDATA[This is Testing Program]]>
    </system-out>
  </testcase> <!-- f -->
  <testcase classname="testNGStudy.MyTestNg" name="f1" time="0.027">
    <system-out>
      <![CDATA[This is Testing Program2]]>
    </system-out>
  </testcase> <!-- f1 -->
  <system-out>
    <![CDATA[This is BeforeMethod
This is Testing Program
This is AfterMthod
This is BeforeMethod
This is Testing Program2
This is AfterMthod]]>
  </system-out>
</testsuite> <!-- testNGStudy.MyTestNg -->
