<?xml version="1.0" encoding="UTF-8"?>
<!-- Generated by org.testng.reporters.JUnitReportReporter -->
<testsuite hostname="DESKTOP-5EGDKLG" failures="0" tests="6" name="testNGStudy.Invocation_Example" time="0.090" errors="0" timestamp="2024-07-19T13:59:04 IST" skipped="0">
  <testcase classname="testNGStudy.Invocation_Example" name="f" time="0.008">
    <system-out>
      <![CDATA[Test method is Running]]>
    </system-out>
  </testcase> <!-- f -->
  <testcase classname="testNGStudy.Invocation_Example" name="f" time="0.005">
    <system-out>
      <![CDATA[Test method is Running]]>
    </system-out>
  </testcase> <!-- f -->
  <testcase classname="testNGStudy.Invocation_Example" name="f" time="0.009">
    <system-out>
      <![CDATA[Test method is Running]]>
    </system-out>
  </testcase> <!-- f -->
  <testcase classname="testNGStudy.Invocation_Example" name="f" time="0.015">
    <system-out>
      <![CDATA[Test method is Running]]>
    </system-out>
  </testcase> <!-- f -->
  <testcase classname="testNGStudy.Invocation_Example" name="f" time="0.045">
    <system-out>
      <![CDATA[Test method is Running]]>
    </system-out>
  </testcase> <!-- f -->
  <testcase classname="testNGStudy.Invocation_Example" name="f" time="0.008">
    <system-out>
      <![CDATA[Test method is Running]]>
    </system-out>
  </testcase> <!-- f -->
  <system-out>
    <![CDATA[Test method is Running
After Method is Running
Test method is Running
After Method is Running
Test method is Running
After Method is Running
Test method is Running
After Method is Running
Test method is Running
After Method is Running
Test method is Running
After Method is Running]]>
  </system-out>
</testsuite> <!-- testNGStudy.Invocation_Example -->
