<?xml version="1.0" encoding="UTF-8"?>
<!-- Generated by org.testng.reporters.JUnitReportReporter -->
<testsuite hostname="DESKTOP-5EGDKLG" failures="0" tests="1" name="testNGXML.TestClass1" time="0.029" errors="0" timestamp="2024-07-20T23:21:23 IST" skipped="0">
  <testcase classname="testNGXML.TestClass1" name="TC3" time="0.029">
    <system-out>
      <![CDATA[TC3 is Running]]>
    </system-out>
  </testcase> <!-- TC3 -->
  <system-out>
    <![CDATA[TC3 is Running
TC10 is Running
TC6 is Running
TC7 is Running
TC8 is Running
TC9 is Running]]>
  </system-out>
</testsuite> <!-- testNGXML.TestClass1 -->
